<?xml version="1.0" encoding="UTF-8"?>
<!-- Generated by org.testng.reporters.JUnitXMLReporter -->
<testsuite ignored="0" hostname="LBNL822997" failures="0" tests="4" name="Default test" time="8.509" errors="0" timestamp="2024-10-23T15:36:34 CEST">
  <testcase classname="com.gorest.tests.UserApiTests" name="testCreateUser" time="5.713"/>
  <testcase classname="com.gorest.tests.UserApiTests" name="testGetUserDetails" time="0.874"/>
  <testcase classname="com.gorest.tests.UserApiTests" name="testUpdateUser" time="0.625"/>
  <testcase classname="com.gorest.tests.UserApiTests" name="testDeleteUser" time="1.2"/>
</testsuite> <!-- Default test -->
